2020年 10月 10日 星期六 13:34:12 CST
Add
ActiveMQ
CVE-2016-3088
CVE-2010-0684
CVE-2010-1587
CVE-2015-1830
CVE-2015-5254
CVE-2017-15709
CVE-2018-8006

2020年 10月 10日 星期六 15:03:15 CST
add
Adminer
CVE-2018-7667

2020年 10月 15日 星期四 13:38:35 CST
add
Adobe_ColdFusion
CVE-2010-2861
CVE-2017-3066
CVE-2018-15961
CVE-2019-7091

2020年 10月 19日 星期一 16:36:09 CST
add
Adobe_Flash
CVE-2018-15982
CVE-2018-4878
add
添加安全设备厂商设备历史或HW期间漏洞
齐治堡垒机远程命令执行漏洞
深信服EDR某处远程命令执行漏洞
nsfocus-uts-password

2020年 10月 27日 星期二 15:22:57 CST
add
Aerospike
CVE-2020-13151

2020年 11月 04日 星期三 12:34:08 CST
add
Apache
CVE-2017-15715
CVE-2019-0211

2020年 11月 09日 星期一 16:33:14 CST
add
Airflow
CVE-2020-11978

2020年 11月 10日 星期二 16:45:52 CST
add
Axis
CVE-2019-0227


